[0m20:09:35.747060 [debug] [MainThread]: Sending event: {'category': 'dbt', 'action': 'invocation', 'label': 'start', 'context': [<snowplow_tracker.self_describing_json.SelfDescribingJson object at 0x000001F983BDBCB0>, <snowplow_tracker.self_describing_json.SelfDescribingJson object at 0x000001F981CB5D10>, <snowplow_tracker.self_describing_json.SelfDescribingJson object at 0x000001F984FCBD90>]}


============================== 20:09:35.750863 | cb713975-799d-42a6-a810-fa2e155b186c ==============================
[0m20:09:35.750863 [info ] [MainThread]: Running with dbt=1.10.9
[0m20:09:35.751540 [debug] [MainThread]: running dbt with arguments {'partial_parse': 'True', 'warn_error_options': 'WarnErrorOptionsV2(error=[], warn=[], silence=[])', 'send_anonymous_usage_stats': 'True', 'version_check': 'True', 'cache_selected_only': 'False', 'target_path': 'None', 'use_colors': 'True', 'invocation_command': 'dbt init', 'log_format': 'default', 'warn_error': 'None', 'introspect': 'True', 'debug': 'False', 'printer_width': '80', 'fail_fast': 'False', 'no_print': 'None', 'empty': 'None', 'use_experimental_parser': 'False', 'log_cache_events': 'False', 'quiet': 'False', 'indirect_selection': 'eager', 'log_path': 'logs', 'write_json': 'True', 'static_parser': 'True', 'profiles_dir': 'C:\\Users\\ajayk\\.dbt'}
[0m20:09:38.335026 [debug] [MainThread]: Starter project path: C:\Users\ajayk\AppData\Local\Programs\Python\Python313\Lib\site-packages\dbt\include\starter_project
[0m20:09:38.364249 [info ] [MainThread]: 
Your new dbt project "deel" was created!

For more information on how to configure the profiles.yml file,
please consult the dbt documentation here:

  https://docs.getdbt.com/docs/configure-your-profile

One more thing:

Need help? Don't hesitate to reach out to us via GitHub issues or on Slack:

  https://community.getdbt.com/

Happy modeling!

[0m20:09:38.364955 [info ] [MainThread]: Setting up your profile.
[0m20:11:04.228677 [info ] [MainThread]: Profile deel written to C:\Users\ajayk\.dbt\profiles.yml using target's profile_template.yml and your supplied values. Run 'dbt debug' to validate the connection.
[0m20:11:04.230301 [debug] [MainThread]: Command `dbt init` succeeded at 20:11:04.230076 after 88.60 seconds
[0m20:11:04.230663 [debug] [MainThread]: Sending event: {'category': 'dbt', 'action': 'invocation', 'label': 'end', 'context': [<snowplow_tracker.self_describing_json.SelfDescribingJson object at 0x000001F986F41BA0>, <snowplow_tracker.self_describing_json.SelfDescribingJson object at 0x000001F98507DC70>, <snowplow_tracker.self_describing_json.SelfDescribingJson object at 0x000001F986F38F30>]}
[0m20:11:04.231223 [debug] [MainThread]: Flushing usage events
[0m20:11:05.763470 [debug] [MainThread]: An error was encountered while trying to flush usage events
[0m20:11:13.926318 [debug] [MainThread]: Sending event: {'category': 'dbt', 'action': 'invocation', 'label': 'start', 'context': [<snowplow_tracker.self_describing_json.SelfDescribingJson object at 0x0000018D0306BCB0>, <snowplow_tracker.self_describing_json.SelfDescribingJson object at 0x0000018D010B9D10>, <snowplow_tracker.self_describing_json.SelfDescribingJson object at 0x0000018D0445BD90>]}


============================== 20:11:13.929992 | fa3ea43e-0a4d-412f-97dd-20422eedeee9 ==============================
[0m20:11:13.929992 [info ] [MainThread]: Running with dbt=1.10.9
[0m20:11:13.930775 [debug] [MainThread]: running dbt with arguments {'partial_parse': 'True', 'write_json': 'True', 'send_anonymous_usage_stats': 'True', 'warn_error': 'None', 'cache_selected_only': 'False', 'target_path': 'None', 'use_colors': 'True', 'invocation_command': 'dbt debug', 'log_format': 'default', 'version_check': 'True', 'introspect': 'True', 'debug': 'False', 'log_cache_events': 'False', 'fail_fast': 'False', 'no_print': 'None', 'empty': 'None', 'quiet': 'False', 'use_experimental_parser': 'False', 'printer_width': '80', 'indirect_selection': 'eager', 'log_path': 'logs', 'profiles_dir': 'C:\\Users\\ajayk\\.dbt', 'static_parser': 'True', 'warn_error_options': 'WarnErrorOptionsV2(error=[], warn=[], silence=[])'}
[0m20:11:13.950101 [info ] [MainThread]: dbt version: 1.10.9
[0m20:11:13.950728 [info ] [MainThread]: python version: 3.13.7
[0m20:11:13.951290 [info ] [MainThread]: python path: C:\Users\ajayk\AppData\Local\Programs\Python\Python313\python.exe
[0m20:11:13.951814 [info ] [MainThread]: os info: Windows-11-10.0.26100-SP0
[0m20:11:14.337871 [info ] [MainThread]: Using profiles dir at C:\Users\ajayk\.dbt
[0m20:11:14.338437 [info ] [MainThread]: Using profiles.yml file at C:\Users\ajayk\.dbt\profiles.yml
[0m20:11:14.338890 [info ] [MainThread]: Using dbt_project.yml file at C:\Users\ajayk\Documents\GitHub\deel_sae_hometask\dbt_project.yml
[0m20:11:14.341410 [info ] [MainThread]: adapter type: snowflake
[0m20:11:14.341920 [info ] [MainThread]: adapter version: 1.10.0
[0m20:11:14.342505 [info ] [MainThread]: Configuration:
[0m20:11:14.342954 [info ] [MainThread]:   profiles.yml file [[32mOK found and valid[0m]
[0m20:11:14.343549 [info ] [MainThread]:   dbt_project.yml file [[31mERROR not found[0m]
[0m20:11:14.344040 [info ] [MainThread]: Required dependencies:
[0m20:11:14.344687 [debug] [MainThread]: Executing "git --help"
[0m20:11:14.430297 [debug] [MainThread]: STDOUT: "b"usage: git [-v | --version] [-h | --help] [-C <path>] [-c <name>=<value>]\n           [--exec-path[=<path>]] [--html-path] [--man-path] [--info-path]\n           [-p | --paginate | -P | --no-pager] [--no-replace-objects] [--bare]\n           [--git-dir=<path>] [--work-tree=<path>] [--namespace=<name>]\n           [--config-env=<name>=<envvar>] <command> [<args>]\n\nThese are common Git commands used in various situations:\n\nstart a working area (see also: git help tutorial)\n   clone     Clone a repository into a new directory\n   init      Create an empty Git repository or reinitialize an existing one\n\nwork on the current change (see also: git help everyday)\n   add       Add file contents to the index\n   mv        Move or rename a file, a directory, or a symlink\n   restore   Restore working tree files\n   rm        Remove files from the working tree and from the index\n\nexamine the history and state (see also: git help revisions)\n   bisect    Use binary search to find the commit that introduced a bug\n   diff      Show changes between commits, commit and working tree, etc\n   grep      Print lines matching a pattern\n   log       Show commit logs\n   show      Show various types of objects\n   status    Show the working tree status\n\ngrow, mark and tweak your common history\n   branch    List, create, or delete branches\n   commit    Record changes to the repository\n   merge     Join two or more development histories together\n   rebase    Reapply commits on top of another base tip\n   reset     Reset current HEAD to the specified state\n   switch    Switch branches\n   tag       Create, list, delete or verify a tag object signed with GPG\n\ncollaborate (see also: git help workflows)\n   fetch     Download objects and refs from another repository\n   pull      Fetch from and integrate with another repository or a local branch\n   push      Update remote refs along with associated objects\n\n'git help -a' and 'git help -g' list available subcommands and some\nconcept guides. See 'git help <command>' or 'git help <concept>'\nto read about a specific subcommand or concept.\nSee 'git help git' for an overview of the system.\n""
[0m20:11:14.430747 [debug] [MainThread]: STDERR: "b''"
[0m20:11:14.431184 [info ] [MainThread]:  - git [[32mOK found[0m]

[0m20:11:14.431696 [info ] [MainThread]: Connection:
[0m20:11:14.432182 [info ] [MainThread]:   account: dmftqku-ff35633
[0m20:11:14.432643 [info ] [MainThread]:   user: deel
[0m20:11:14.433105 [info ] [MainThread]:   database: deel_db
[0m20:11:14.433559 [info ] [MainThread]:   warehouse: deel
[0m20:11:14.434013 [info ] [MainThread]:   role: deel_ownership
[0m20:11:14.434474 [info ] [MainThread]:   schema: deel_raw
[0m20:11:14.434927 [info ] [MainThread]:   authenticator: None
[0m20:11:14.435439 [info ] [MainThread]:   oauth_client_id: None
[0m20:11:14.435899 [info ] [MainThread]:   query_tag: None
[0m20:11:14.436358 [info ] [MainThread]:   client_session_keep_alive: False
[0m20:11:14.436912 [info ] [MainThread]:   host: None
[0m20:11:14.437466 [info ] [MainThread]:   port: None
[0m20:11:14.438020 [info ] [MainThread]:   proxy_host: None
[0m20:11:14.438657 [info ] [MainThread]:   proxy_port: None
[0m20:11:14.439113 [info ] [MainThread]:   protocol: None
[0m20:11:14.439635 [info ] [MainThread]:   connect_retries: 1
[0m20:11:14.440121 [info ] [MainThread]:   connect_timeout: None
[0m20:11:14.440574 [info ] [MainThread]:   retry_on_database_errors: False
[0m20:11:14.441032 [info ] [MainThread]:   retry_all: False
[0m20:11:14.441466 [info ] [MainThread]:   insecure_mode: False
[0m20:11:14.441917 [info ] [MainThread]:   reuse_connections: True
[0m20:11:14.442357 [info ] [MainThread]:   s3_stage_vpce_dns_name: None
[0m20:11:14.442994 [info ] [MainThread]: Registered adapter: snowflake=1.10.0
[0m20:11:14.837723 [debug] [MainThread]: Acquiring new snowflake connection 'debug'
[0m20:11:16.805872 [debug] [MainThread]: Using snowflake connection "debug"
[0m20:11:16.806233 [debug] [MainThread]: On debug: select 1 as id
[0m20:11:16.806499 [debug] [MainThread]: Opening a new connection, currently in state init
[0m20:11:24.368885 [debug] [MainThread]: SQL status: SUCCESS 1 in 7.562 seconds
[0m20:11:24.369736 [info ] [MainThread]:   Connection test: [[32mOK connection ok[0m]

[0m20:11:24.370272 [info ] [MainThread]: [31m1 check failed:[0m
[0m20:11:24.370907 [info ] [MainThread]: Project loading failed for the following reason:
 project path <C:\Users\ajayk\Documents\GitHub\deel_sae_hometask\dbt_project.yml> not found

[0m20:11:24.372359 [debug] [MainThread]: Command `dbt debug` failed at 20:11:24.372146 after 10.56 seconds
[0m20:11:24.372729 [debug] [MainThread]: Connection 'debug' was left open.
[0m20:11:24.373067 [debug] [MainThread]: On debug: Close
[0m20:11:25.013336 [debug] [MainThread]: Sending event: {'category': 'dbt', 'action': 'invocation', 'label': 'end', 'context': [<snowplow_tracker.self_describing_json.SelfDescribingJson object at 0x0000018D06746B10>, <snowplow_tracker.self_describing_json.SelfDescribingJson object at 0x0000018D0643F890>, <snowplow_tracker.self_describing_json.SelfDescribingJson object at 0x0000018D063AA8B0>]}
[0m20:11:25.013865 [debug] [MainThread]: Flushing usage events
[0m20:11:26.535057 [debug] [MainThread]: An error was encountered while trying to flush usage events
